<?xml version="1.0" encoding="UTF-8"?>
<!-- Generated by org.testng.reporters.JUnitReportReporter -->
<testsuite hostname="LAPTOP-97E8D09R" failures="0" tests="2" name="test1.ExtentReportsExampleWithTestNG" time="1.163" errors="0" timestamp="2021-07-01T23:14:46 IST" skipped="0">
  <testcase classname="test1.ExtentReportsExampleWithTestNG" name="test2" time="0.002"/>
  <system-out/>
  <testcase classname="test1.ExtentReportsExampleWithTestNG" name="test1" time="1.161"/>
  <system-out/>
</testsuite> <!-- test1.ExtentReportsExampleWithTestNG -->
