<?xml version="1.0" encoding="UTF-8"?>
<!-- Generated by org.testng.reporters.JUnitReportReporter -->
<testsuite hostname="LAPTOP-97E8D09R" failures="0" tests="1" name="test1.TestNGGoogleSearchPage" time="4.666" errors="0" timestamp="2021-07-07T23:24:30 IST" skipped="0">
  <testcase classname="test1.TestNGGoogleSearchPage" name="searchBoxTest" time="4.666"/>
  <system-out/>
</testsuite> <!-- test1.TestNGGoogleSearchPage -->
