<?xml version="1.0" encoding="UTF-8"?>
<!-- Generated by org.testng.reporters.JUnitReportReporter -->
<testsuite hostname="LAPTOP-97E8D09R" failures="0" tests="3" name="utils.ExcelDataProvider" time="0.014" errors="0" timestamp="2021-07-08T22:07:23 IST" skipped="0">
  <testcase classname="utils.ExcelDataProvider" name="test1" time="0.003"/>
  <system-out/>
  <testcase classname="utils.ExcelDataProvider" name="test1" time="0.006"/>
  <system-out/>
  <testcase classname="utils.ExcelDataProvider" name="test1" time="0.005"/>
  <system-out/>
</testsuite> <!-- utils.ExcelDataProvider -->
