<?xml version="1.0" encoding="UTF-8"?>
<!-- Generated by org.testng.reporters.JUnitReportReporter -->
<testsuite hostname="LAPTOP-97E8D09R" failures="0" tests="3" name="listeners.TestNGlistenersDemo" time="5.917" errors="0" timestamp="2021-07-17T22:28:48 IST" skipped="1">
  <testcase classname="listeners.TestNGlistenersDemo" name="test3" time="0.001">
    <skipped/>
  </testcase> <!-- test3 -->
  <system-out/>
  <testcase classname="listeners.TestNGlistenersDemo" name="test2" time="5.906"/>
  <system-out/>
  <testcase classname="listeners.TestNGlistenersDemo" name="test1" time="0.010"/>
  <system-out/>
</testsuite> <!-- listeners.TestNGlistenersDemo -->
