<?xml version="1.0" encoding="UTF-8"?>
<!-- Generated by org.testng.reporters.JUnitReportReporter -->
<testsuite hostname="LAPTOP-97E8D09R" failures="0" tests="3" name="demo.TestNGPriority" time="0.021" errors="0" timestamp="2021-07-12T20:36:23 IST" skipped="0">
  <testcase classname="demo.TestNGPriority" name="test1" time="0.017"/>
  <system-out/>
  <testcase classname="demo.TestNGPriority" name="test2" time="0.003"/>
  <system-out/>
  <testcase classname="demo.TestNGPriority" name="test3" time="0.001"/>
  <system-out/>
</testsuite> <!-- demo.TestNGPriority -->
