<?xml version="1.0" encoding="UTF-8"?>
<!-- Generated by org.testng.reporters.JUnitReportReporter -->
<testsuite hostname="LAPTOP-97E8D09R" failures="0" tests="2" name="demo.TestNGGroupDemo" time="0.014" errors="0" timestamp="2021-07-12T23:06:12 IST" skipped="0">
  <testcase classname="demo.TestNGGroupDemo" name="test1" time="0.009"/>
  <system-out/>
  <testcase classname="demo.TestNGGroupDemo" name="test2" time="0.005"/>
  <system-out/>
</testsuite> <!-- demo.TestNGGroupDemo -->
